[Licensing::Module] Trying to connect to existing licensing client channel...
Built from '6000.2/respin/6000.2.8f1-e4064264ae96' branch; Version is '6000.2.8f1 (c9992ac36c34) revision 13211946'; Using compiler version '194234433'; Build Type 'Release'
[Licensing::IpcConnector] Successfully connected to: "LicenseClient-rakes" at "2025-10-18T15:19:24.4533249Z"
OS: 'Windows 11  (10.0.26200) 64bit CoreSingleLanguage' Language: 'en' Physical Memory: 32469 MB
BatchMode: 1, IsHumanControllingUs: 0, StartBugReporterOnCrash: 0, Is64bit: 1
Date: 2025-10-18T15:19:24Z

COMMAND LINE ARGUMENTS:
C:\Program Files\Unity\Hub\Editor\6000.2.8f1\Editor\Unity.exe
-adb2
-batchMode
-noUpm
-name
AssetImportWorker1
-projectPath
D:/Projects/rubiks-cube.unity/rubiks-cube (unity 6)
-logFile
Logs/AssetImportWorker1.log
-srvPort
58666
-licensingIpc
LicenseClient-rakes
-job-worker-count
7
-background-job-worker-count
8
-gc-helper-count
1
-name
AssetImport
Successfully changed project path to: D:/Projects/rubiks-cube.unity/rubiks-cube (unity 6)
D:/Projects/rubiks-cube.unity/rubiks-cube (unity 6)
[UnityMemory] Configuration Parameters - Can be set up in boot.config
    "memorysetup-allocator-temp-initial-block-size-main=262144"
    "memorysetup-allocator-temp-initial-block-size-worker=262144"
    "memorysetup-bucket-allocator-granularity=16"
    "memorysetup-bucket-allocator-bucket-count=8"
    "memorysetup-bucket-allocator-block-size=33554432"
    "memorysetup-bucket-allocator-block-count=8"
    "memorysetup-main-allocator-block-size=16777216"
    "memorysetup-thread-allocator-block-size=16777216"
    "memorysetup-gfx-main-allocator-block-size=16777216"
    "memorysetup-gfx-thread-allocator-block-size=16777216"
    "memorysetup-cache-allocator-block-size=4194304"
    "memorysetup-typetree-allocator-block-size=2097152"
    "memorysetup-profiler-bucket-allocator-granularity=16"
    "memorysetup-profiler-bucket-allocator-bucket-count=8"
    "memorysetup-profiler-bucket-allocator-block-size=33554432"
    "memorysetup-profiler-bucket-allocator-block-count=8"
    "memorysetup-profiler-allocator-block-size=16777216"
    "memorysetup-profiler-editor-allocator-block-size=1048576"
    "memorysetup-temp-allocator-size-main=16777216"
    "memorysetup-job-temp-allocator-block-size=2097152"
    "memorysetup-job-temp-allocator-block-size-background=1048576"
    "memorysetup-job-temp-allocator-reduction-small-platforms=262144"
    "memorysetup-temp-allocator-size-background-worker=32768"
    "memorysetup-temp-allocator-size-job-worker=262144"
    "memorysetup-temp-allocator-size-preload-manager=33554432"
    "memorysetup-temp-allocator-size-nav-mesh-worker=65536"
    "memorysetup-temp-allocator-size-audio-worker=65536"
    "memorysetup-temp-allocator-size-cloud-worker=32768"
    "memorysetup-temp-allocator-size-gi-baking-worker=262144"
    "memorysetup-temp-allocator-size-gi-baking-worker=262144"
    "memorysetup-temp-allocator-size-gi-baking-worker=262144"
    "memorysetup-temp-allocator-size-gi-baking-worker=262144"
    "memorysetup-temp-allocator-size-gi-baking-worker=262144"
    "memorysetup-temp-allocator-size-gfx=262144"
Player connection [22380]  Target information:

Player connection [22380]  * "[IP] 192.168.1.7 [Port] 0 [Flags] 2 [Guid] 3479009801 [EditorId] 3479009801 [Version] 1048832 [Id] WindowsEditor(7,Rakesh-MSIRaider) [Debug] 1 [PackageName] WindowsEditor [ProjectName] Editor" 

Player connection [22380] Host joined multi-casting on [225.0.0.222:54997]...
Player connection [22380] Host joined alternative multi-casting on [225.0.0.222:34997]...
JobSystem: Creating JobQueue using job-worker-count value 7
Input System module state changed to: Initialized.
[Physics::Module] Initialized fallback backend.
[Physics::Module] Id: 0xdecafbad
[Licensing::Client] Code 10 while verifying Licensing Client signature (process Id: 23868, path: "C:/Program Files/Unity Hub/UnityLicensingClient_V1/Unity.Licensing.Client.exe")
[Licensing::Module] LicensingClient has failed validation; ignoring
[Licensing::Client] Handshaking with LicensingClient:
  Version:                 1.17.3+a4e98f1
  Session Id:              137dc5c025bd4b9ebeb379b60a8709f4
  Correlation Id:          fc4a7616bb7319e038354ce8299fe82c
  External correlation Id: 7351002822476878188
  Machine Id:              BMWNxxJPBEgTG4tvoc/Ai3nzuwU=
[Licensing::Module] Successfully connected to LicensingClient on channel: "LicenseClient-rakes" (connect: 0.00s, validation: 0.00s, handshake: 0.07s)
[Licensing::IpcConnector] Successfully connected to: "LicenseClient-rakes-notifications" at "2025-10-18T15:19:24.5263251Z"
[Licensing::Module] Licensing Background thread has ended after 0.07s
Library Redirect Path: Library/
[Physics::Module] Selected backend.
[Physics::Module] Name: PhysX
[Physics::Module] Id: 0xf2b8ea05
[Physics::Module] SDK Version: 4.1.2
[Physics::Module] Integration Version: 1.0.0
[Physics::Module] Threading Mode: Multi-Threaded
ETC Legacy compression has been deprecated and will be removed in a future release. You can review compressors in "Project Settings > Editor > Texture Compressors".
0x00007ffbcdff03ce (Unity) StackWalker::ShowCallstack
0x00007ffbcdfffe29 (Unity) PlatformStacktrace::GetStacktrace
0x00007ffbcf2784ae (Unity) Stacktrace::GetStacktrace
0x00007ffbcf84f32f (Unity) DebugStringToFile
0x00007ffbceb95a17 (Unity) EditorSettings::Transfer<StreamedBinaryRead>
0x00007ffbceb9a392 (Unity) EditorSettings::VirtualRedirectTransfer
0x00007ffbcdfca8fe (Unity) SerializedFile::ReadObject
0x00007ffbcdfca006 (Unity) SerializedFile::ReadObject
0x00007ffbcdfb003e (Unity) PersistentManager::ReadAndActivateObjectThreaded
0x00007ffbcdfb067b (Unity) PersistentManager::ReadObjectThreaded
0x00007ffbcdfb0399 (Unity) PersistentManager::ReadObject
0x00007ffbcd1a12d5 (Unity) PPtr<Object>::operator Object * __ptr64
0x00007ffbcf403d9b (Unity) AssetDatabase::ReloadSingletonAssets
0x00007ffbcf4b0189 (Unity) InitializeAssetDatabaseV2
0x00007ffbcf424577 (Unity) AssetDatabase::InitializeAssetDatabase
0x00007ffbceca082c (Unity) Application::InitializeProject
0x00007ffbcf285c05 (Unity) UnityMain
0x00007ff78ea62f2a (Unity) __scrt_common_main_seh
0x00007ffcc292e8d7 (KERNEL32) BaseThreadInitThunk
0x00007ffcc3c8c53c (ntdll) RtlUserThreadStart

[Licensing::Client] Successfully resolved entitlement details
[Licensing::Module] License group:
  Id: 2585586-UnityPersXXXX
  Product: Unity Personal
  Type: Assigned
  Expiration: Unlimited
Refreshing native plugins compatible for Editor in 0.00 ms, found 0 plugins.
Preloading 0 native plugins for Editor in 0.00 ms.
Initialize engine version: 6000.2.8f1 (c9992ac36c34)
[Subsystems] Discovering subsystems at path C:/Program Files/Unity/Hub/Editor/6000.2.8f1/Editor/Data/Resources/UnitySubsystems
[Subsystems] Discovering subsystems at path D:/Projects/rubiks-cube.unity/rubiks-cube (unity 6)/Assets
GfxDevice: creating device client; kGfxThreadingModeNonThreaded
Direct3D:
    Version:  Direct3D 11.0 [level 11.1]
    Renderer: NVIDIA GeForce RTX 3080 Laptop GPU (ID=0x249c)
    Vendor:   NVIDIA
    VRAM:     16177 MB
    Driver:   32.0.15.8115
Initialize mono
Mono path[0] = 'C:/Program Files/Unity/Hub/Editor/6000.2.8f1/Editor/Data/Managed'
Mono path[1] = 'C:/Program Files/Unity/Hub/Editor/6000.2.8f1/Editor/Data/MonoBleedingEdge/lib/mono/unityjit-win32'
Mono config path = 'C:/Program Files/Unity/Hub/Editor/6000.2.8f1/Editor/Data/MonoBleedingEdge/etc'
Using monoOptions --debugger-agent=transport=dt_socket,embedding=1,server=y,suspend=n,address=127.0.0.1:56132
Begin MonoManager ReloadAssembly
Registering precompiled unity dll's ...
Register platform support module: C:/Program Files/Unity/Hub/Editor/6000.2.8f1/Editor/Data/PlaybackEngines/WebGLSupport/UnityEditor.WebGL.Extensions.dll
Register platform support module: C:/Program Files/Unity/Hub/Editor/6000.2.8f1/Editor/Data/PlaybackEngines/WindowsStandaloneSupport/UnityEditor.WindowsStandalone.Extensions.dll
Register platform support module: C:/Program Files/Unity/Hub/Editor/6000.2.8f1/Editor/Data/PlaybackEngines/AndroidPlayer/UnityEditor.Android.Extensions.dll
Registered in 0.003513 seconds.
- Loaded All Assemblies, in  0.505 seconds
Native extension for Android target not found
Android Extension - Scanning For ADB Devices 284 ms
Native extension for WindowsStandalone target not found
Native extension for WebGL target not found
Mono: successfully reloaded assembly
- Finished resetting the current domain, in  0.763 seconds
Domain Reload Profiling: 1264ms
	BeginReloadAssembly (156ms)
		ExecutionOrderSort (0ms)
		DisableScriptedObjects (0ms)
		BackupInstance (0ms)
		ReleaseScriptingObjects (0ms)
		CreateAndSetChildDomain (1ms)
	RebuildCommonClasses (55ms)
	RebuildNativeTypeToScriptingClass (15ms)
	initialDomainReloadingComplete (59ms)
	LoadAllAssembliesAndSetupDomain (216ms)
		LoadAssemblies (153ms)
		RebuildTransferFunctionScriptingTraits (0ms)
		AnalyzeDomain (212ms)
			TypeCache.Refresh (209ms)
				TypeCache.ScanAssembly (194ms)
			BuildScriptInfoCaches (0ms)
			ResolveRequiredComponents (1ms)
	FinalizeReload (763ms)
		ReleaseScriptCaches (0ms)
		RebuildScriptCaches (0ms)
		SetupLoadedEditorAssemblies (716ms)
			LogAssemblyErrors (0ms)
			InitializePlatformSupportModulesInManaged (397ms)
			SetLoadedEditorAssemblies (6ms)
			BeforeProcessingInitializeOnLoad (87ms)
			ProcessInitializeOnLoadAttributes (160ms)
			ProcessInitializeOnLoadMethodAttributes (67ms)
			AfterProcessingInitializeOnLoad (0ms)
			EditorAssembliesLoaded (0ms)
		ExecutionOrderSort2 (0ms)
		AwakeInstancesAfterBackupRestoration (0ms)
========================================================================
Worker process is ready to serve import requests
Import Worker Mode flag is 0x00
Begin MonoManager ReloadAssembly
[Licensing::Client] Successfully resolved entitlement details
- Loaded All Assemblies, in  0.757 seconds
Refreshing native plugins compatible for Editor in 0.00 ms, found 0 plugins.
Native extension for Android target not found
Native extension for WindowsStandalone target not found
Native extension for WebGL target not found
Mono: successfully reloaded assembly
- Finished resetting the current domain, in  0.628 seconds
Domain Reload Profiling: 1382ms
	BeginReloadAssembly (247ms)
		ExecutionOrderSort (0ms)
		DisableScriptedObjects (8ms)
		BackupInstance (0ms)
		ReleaseScriptingObjects (0ms)
		CreateAndSetChildDomain (39ms)
	RebuildCommonClasses (47ms)
	RebuildNativeTypeToScriptingClass (14ms)
	initialDomainReloadingComplete (45ms)
	LoadAllAssembliesAndSetupDomain (399ms)
		LoadAssemblies (355ms)
		RebuildTransferFunctionScriptingTraits (0ms)
		AnalyzeDomain (182ms)
			TypeCache.Refresh (140ms)
				TypeCache.ScanAssembly (127ms)
			BuildScriptInfoCaches (32ms)
			ResolveRequiredComponents (5ms)
	FinalizeReload (629ms)
		ReleaseScriptCaches (0ms)
		RebuildScriptCaches (0ms)
		SetupLoadedEditorAssemblies (466ms)
			LogAssemblyErrors (0ms)
			InitializePlatformSupportModulesInManaged (16ms)
			SetLoadedEditorAssemblies (7ms)
			BeforeProcessingInitializeOnLoad (130ms)
			ProcessInitializeOnLoadAttributes (235ms)
			ProcessInitializeOnLoadMethodAttributes (71ms)
			AfterProcessingInitializeOnLoad (8ms)
			EditorAssembliesLoaded (0ms)
		ExecutionOrderSort2 (0ms)
		AwakeInstancesAfterBackupRestoration (10ms)
ETC Legacy compression has been deprecated and will be removed in a future release. You can review compressors in "Project Settings > Editor > Texture Compressors".
0x00007ffbcdff03ce (Unity) StackWalker::ShowCallstack
0x00007ffbcdfffe29 (Unity) PlatformStacktrace::GetStacktrace
0x00007ffbcf2784ae (Unity) Stacktrace::GetStacktrace
0x00007ffbcf84f32f (Unity) DebugStringToFile
0x00007ffbceb95a17 (Unity) EditorSettings::Transfer<StreamedBinaryRead>
0x00007ffbceb9a392 (Unity) EditorSettings::VirtualRedirectTransfer
0x00007ffbcdfca8fe (Unity) SerializedFile::ReadObject
0x00007ffbcdfca006 (Unity) SerializedFile::ReadObject
0x00007ffbcdfb3672 (Unity) PersistentManager::ReloadFromDisk
0x00007ffbcf4f7fe7 (Unity) ReloadSerializedSingletons
0x00007ffbcf4e892e (Unity) <lambda_3a9c7c2eddb05db64411c28c6b8b8d90>::operator()
0x00007ffbcf52860f (Unity) asio::detail::completion_handler<core::mutable_function<void __cdecl(void)>,asio::io_context::basic_executor_type<std::allocator<void>,0> >::do_complete
0x00007ffbcf515f01 (Unity) asio::detail::win_iocp_io_context::do_one
0x00007ffbcf5170ee (Unity) asio::detail::win_iocp_io_context::run
0x00007ffbcf526c79 (Unity) IOService::Run
0x00007ffbcf4f967f (Unity) AssetImportWorkerClient::Run
0x00007ffbcf4bd771 (Unity) RunAssetImportWorkerClientV2
0x00007ffbcf4bd7eb (Unity) RunAssetImporterV2
0x00007ffbceca2180 (Unity) Application::InitializeProject
0x00007ffbcf285c05 (Unity) UnityMain
0x00007ff78ea62f2a (Unity) __scrt_common_main_seh
0x00007ffcc292e8d7 (KERNEL32) BaseThreadInitThunk
0x00007ffcc3c8c53c (ntdll) RtlUserThreadStart

Launched and connected shader compiler UnityShaderCompiler.exe after 0.01 seconds
Refreshing native plugins compatible for Editor in 0.00 ms, found 0 plugins.
Preloading 0 native plugins for Editor in 0.00 ms.
Unloading 48 Unused Serialized files (Serialized files now loaded: 0)
Unloading 3378 unused Assets / (7.0 MB). Loaded Objects now: 3899.
Memory consumption went from 103.6 MB to 96.6 MB.
Total: 17.651400 ms (FindLiveObjects: 0.865600 ms CreateObjectMapping: 1.712100 ms MarkObjects: 10.216600 ms  DeleteObjects: 4.851800 ms)

========================================================================
Received Import Request.
  Time since last request: 48622.653238 seconds.
  path: Assets/Images/icon.png
  artifactKey: Guid(9653e37120ae7432696571ae7f0b6e6e) Importer(815301076,1909f56bfc062723c751e8b465ee728b)
Start importing Assets/Images/icon.png using Guid(9653e37120ae7432696571ae7f0b6e6e) Importer(815301076,1909f56bfc062723c751e8b465ee728b) (PreviewImporter) -> (artifact id: '5ac4c71a5a4acbff44e291dc54a0b5d8') in 0.3199276 seconds
Number of updated asset objects reloaded before import = 0Number of asset objects unloaded after import = 3

